<?xml version="1.0" encoding="UTF-8"?>
<!-- Generated by org.testng.reporters.JUnitReportReporter -->
<testsuite hostname="Moulali" failures="0" tests="1" name="com.company.app.myApp.AppTest" time="0.025" errors="0" timestamp="15 May 2019 11:54:44 GMT" skipped="0">
  <testcase classname="com.company.app.myApp.AppTest" name="check" time="0.025"/>
</testsuite> <!-- com.company.app.myApp.AppTest -->
